Using pre-set license
Built from '2020.3/staging' branch; Version is '2020.3.11f1 (99c7afb366b3) revision 10078127'; Using compiler version '192528614'; Build Type 'Release'
OS: 'Windows 10 Pro; OS build 19042.1052; Version 2009; 64bit' Language: 'en' Physical Memory: 32686 MB
BatchMode: 1, IsHumanControllingUs: 0, StartBugReporterOnCrash: 0, Is64bit: 1, IsPro: 0

 COMMAND LINE ARGUMENTS:
D:\Programming\unity\2020.3.11f1\Editor\Unity.exe
-adb2
-batchMode
-noUpm
-name
AssetImportWorker2
-projectPath
D:/Programming/Unity Projects/Joined Together/JoinTogetherGame
-logFile
Logs/AssetImportWorker2.log
-srvPort
57527
Successfully changed project path to: D:/Programming/Unity Projects/Joined Together/JoinTogetherGame
D:/Programming/Unity Projects/Joined Together/JoinTogetherGame
Using Asset Import Pipeline V2.
Refreshing native plugins compatible for Editor in 52.46 ms, found 2 plugins.
Preloading 0 native plugins for Editor in 0.00 ms.
Initialize engine version: 2020.3.11f1 (99c7afb366b3)
[Subsystems] Discovering subsystems at path D:/Programming/unity/2020.3.11f1/Editor/Data/Resources/UnitySubsystems
[Subsystems] Discovering subsystems at path D:/Programming/Unity Projects/Joined Together/JoinTogetherGame/Assets
GfxDevice: creating device client; threaded=0
Direct3D:
    Version:  Direct3D 11.0 [level 11.1]
    Renderer: NVIDIA GeForce GTX 1660 Ti (ID=0x2182)
    Vendor:   
    VRAM:     5991 MB
    Driver:   27.21.14.6089
Initialize mono
Mono path[0] = 'D:/Programming/unity/2020.3.11f1/Editor/Data/Managed'
Mono path[1] = 'D:/Programming/unity/2020.3.11f1/Editor/Data/MonoBleedingEdge/lib/mono/unityjit'
Mono config path = 'D:/Programming/unity/2020.3.11f1/Editor/Data/MonoBleedingEdge/etc'
Using monoOptions --debugger-agent=transport=dt_socket,embedding=1,server=y,suspend=n,address=127.0.0.1:56536
Begin MonoManager ReloadAssembly
Registering precompiled unity dll's ...
Register platform support module: D:/Programming/unity/2020.3.11f1/Editor/Data/PlaybackEngines/WebGLSupport/UnityEditor.WebGL.Extensions.dll
Register platform support module: D:/Programming/unity/2020.3.11f1/Editor/Data/PlaybackEngines/WindowsStandaloneSupport/UnityEditor.WindowsStandalone.Extensions.dll
Registered in 0.000938 seconds.
Native extension for WindowsStandalone target not found
Native extension for WebGL target not found
Refreshing native plugins compatible for Editor in 55.87 ms, found 2 plugins.
Preloading 0 native plugins for Editor in 0.00 ms.
Mono: successfully reloaded assembly
- Completed reload, in  0.921 seconds
Platform modules already initialized, skipping
Registering precompiled user dll's ...
Registered in 0.002363 seconds.
Begin MonoManager ReloadAssembly
Native extension for WindowsStandalone target not found
Native extension for WebGL target not found
Refreshing native plugins compatible for Editor in 0.64 ms, found 2 plugins.
Preloading 0 native plugins for Editor in 0.00 ms.
Mono: successfully reloaded assembly
- Completed reload, in  0.882 seconds
Platform modules already initialized, skipping
========================================================================
Worker process is ready to serve import requests
Launched and connected shader compiler UnityShaderCompiler.exe after 0.08 seconds
Refreshing native plugins compatible for Editor in 0.64 ms, found 2 plugins.
Preloading 0 native plugins for Editor in 0.00 ms.
Unloading 1567 Unused Serialized files (Serialized files now loaded: 0)
System memory in use before: 91.6 MB.
System memory in use after: 91.6 MB.

Unloading 19 unused Assets to reduce memory usage. Loaded Objects now: 2028.
Total: 1.706700 ms (FindLiveObjects: 0.125300 ms CreateObjectMapping: 0.040800 ms MarkObjects: 1.440600 ms  DeleteObjects: 0.099300 ms)

========================================================================
Received Import Request.
  path: Assets/Scenes/Level 2.unity
  artifactKey: Guid(55f3e0be7f5439549a7c2fbda07f7880) Importer(815301076,1909f56bfc062723c751e8b465ee728b)
Start importing Assets/Scenes/Level 2.unity using Guid(55f3e0be7f5439549a7c2fbda07f7880) Importer(815301076,1909f56bfc062723c751e8b465ee728b)  -> (artifact id: '22d3f18af3af43a1bccbf4fad870178e') in 0.011798 seconds
  Import took 0.014202 seconds .

========================================================================
Received Prepare
Refreshing native plugins compatible for Editor in 2.31 ms, found 2 plugins.
Preloading 0 native plugins for Editor in 0.00 ms.
Unloading 12 Unused Serialized files (Serialized files now loaded: 0)
System memory in use before: 59.5 MB.
System memory in use after: 59.6 MB.

Unloading 11 unused Assets to reduce memory usage. Loaded Objects now: 2028.
Total: 1.917800 ms (FindLiveObjects: 0.138200 ms CreateObjectMapping: 0.042200 ms MarkObjects: 1.725700 ms  DeleteObjects: 0.010900 ms)

========================================================================
Received Prepare
Registering precompiled user dll's ...
Registered in 0.002511 seconds.
Begin MonoManager ReloadAssembly
Native extension for WindowsStandalone target not found
Native extension for WebGL target not found
Refreshing native plugins compatible for Editor in 0.77 ms, found 2 plugins.
Preloading 0 native plugins for Editor in 0.00 ms.
Mono: successfully reloaded assembly
- Completed reload, in  0.791 seconds
Platform modules already initialized, skipping
Refreshing native plugins compatible for Editor in 0.69 ms, found 2 plugins.
Preloading 0 native plugins for Editor in 0.00 ms.
Unloading 1547 Unused Serialized files (Serialized files now loaded: 0)
System memory in use before: 90.1 MB.
System memory in use after: 90.2 MB.

Unloading 14 unused Assets to reduce memory usage. Loaded Objects now: 2031.
Total: 1.761500 ms (FindLiveObjects: 0.133800 ms CreateObjectMapping: 0.040400 ms MarkObjects: 1.572300 ms  DeleteObjects: 0.014200 ms)

========================================================================
Received Import Request.
  Time since last request: 164.882069 seconds.
  path: Assets/Scenes/Level 1.unity
  artifactKey: Guid(57a1d9542faffcf40ab6eb1af0380b7a) Importer(815301076,1909f56bfc062723c751e8b465ee728b)
Start importing Assets/Scenes/Level 1.unity using Guid(57a1d9542faffcf40ab6eb1af0380b7a) Importer(815301076,1909f56bfc062723c751e8b465ee728b)  -> (artifact id: 'e65c189100410e831961032ae9e5afb1') in 0.020709 seconds
  Import took 0.023941 seconds .

========================================================================
Received Import Request.
  Time since last request: 0.066030 seconds.
  path: Assets/Scenes/Level 1.unity
  artifactKey: Guid(57a1d9542faffcf40ab6eb1af0380b7a) Importer(815301076,1909f56bfc062723c751e8b465ee728b)
Start importing Assets/Scenes/Level 1.unity using Guid(57a1d9542faffcf40ab6eb1af0380b7a) Importer(815301076,1909f56bfc062723c751e8b465ee728b)  -> (artifact id: 'e65c189100410e831961032ae9e5afb1') in 0.002223 seconds
  Import took 0.004753 seconds .

